[18-Jul-2020 17:23:56 America/Vancouver] PHP Fatal error:  Uncaught Error: Class 'PDOService' not found in /Users/vera/projects/courses/3280/3280_002_FJQ/inc/Login/LoginDAO.class.php:13
Stack trace:
#0 /Users/vera/projects/courses/3280/3280_002_FJQ/login.php(16): LoginDAO::initialize('Login')
#1 {main}
  thrown in /Users/vera/projects/courses/3280/3280_002_FJQ/inc/Login/LoginDAO.class.php on line 13
[18-Jul-2020 17:25:32 America/Vancouver] PHP Fatal error:  Uncaught Error: Class 'PDOService' not found in /Users/vera/projects/courses/3280/3280_002_FJQ/inc/Login/LoginDAO.class.php:13
Stack trace:
#0 /Users/vera/projects/courses/3280/3280_002_FJQ/login.php(16): LoginDAO::initialize('Login')
#1 {main}
  thrown in /Users/vera/projects/courses/3280/3280_002_FJQ/inc/Login/LoginDAO.class.php on line 13
[18-Jul-2020 17:25:32 America/Vancouver] PHP Stack trace:
[18-Jul-2020 17:25:32 America/Vancouver] PHP   1. {main}() /Users/vera/projects/courses/3280/3280_002_FJQ/login.php:0
[18-Jul-2020 17:25:32 America/Vancouver] PHP   2. LoginDAO::initialize($className = *uninitialized*) /Users/vera/projects/courses/3280/3280_002_FJQ/login.php:16
[18-Jul-2020 17:43:40 America/Vancouver] PHP Notice:  Undefined index: newPin in /Users/vera/projects/courses/3280/3280_002_FJQ/login.php on line 29
[18-Jul-2020 17:43:40 America/Vancouver] PHP Stack trace:
[18-Jul-2020 17:43:40 America/Vancouver] PHP   1. {main}() /Users/vera/projects/courses/3280/3280_002_FJQ/login.php:0
[18-Jul-2020 17:43:40 America/Vancouver] PHP Fatal error:  Uncaught TypeError: Argument 1 passed to LoginDAO::changePIN() must be of the type string, null given, called in /Users/vera/projects/courses/3280/3280_002_FJQ/login.php on line 29 and defined in /Users/vera/projects/courses/3280/3280_002_FJQ/inc/Login/LoginDAO.class.php:35
Stack trace:
#0 /Users/vera/projects/courses/3280/3280_002_FJQ/login.php(29): LoginDAO::changePIN(NULL)
#1 {main}
  thrown in /Users/vera/projects/courses/3280/3280_002_FJQ/inc/Login/LoginDAO.class.php on line 35
[18-Jul-2020 17:43:59 America/Vancouver] PHP Notice:  Undefined index: newPin in /Users/vera/projects/courses/3280/3280_002_FJQ/login.php on line 29
[18-Jul-2020 17:43:59 America/Vancouver] PHP Stack trace:
[18-Jul-2020 17:43:59 America/Vancouver] PHP   1. {main}() /Users/vera/projects/courses/3280/3280_002_FJQ/login.php:0
[18-Jul-2020 17:43:59 America/Vancouver] PHP Fatal error:  Uncaught TypeError: Argument 1 passed to LoginDAO::changePIN() must be of the type string, null given, called in /Users/vera/projects/courses/3280/3280_002_FJQ/login.php on line 29 and defined in /Users/vera/projects/courses/3280/3280_002_FJQ/inc/Login/LoginDAO.class.php:35
Stack trace:
#0 /Users/vera/projects/courses/3280/3280_002_FJQ/login.php(29): LoginDAO::changePIN(NULL)
#1 {main}
  thrown in /Users/vera/projects/courses/3280/3280_002_FJQ/inc/Login/LoginDAO.class.php on line 35
[25-Jul-2020 06:31:42 UTC] PHP Warning:  require_once(inc/Utility/PDOAgent.class.php): failed to open stream: No such file or directory in C:\Users\gilad\Desktop\CSIS3280GroupProject\3280_002_FJQ\Registration.php on line 4
[25-Jul-2020 06:31:42 UTC] PHP Stack trace:
[25-Jul-2020 06:31:42 UTC] PHP   1. {main}() C:\Users\gilad\Desktop\CSIS3280GroupProject\3280_002_FJQ\Registration.php:0
[25-Jul-2020 06:31:42 UTC] PHP Fatal error:  require_once(): Failed opening required 'inc/Utility/PDOAgent.class.php' (include_path='.;C:\php\pear') in C:\Users\gilad\Desktop\CSIS3280GroupProject\3280_002_FJQ\Registration.php on line 4
[25-Jul-2020 06:31:42 UTC] PHP Stack trace:
[25-Jul-2020 06:31:42 UTC] PHP   1. {main}() C:\Users\gilad\Desktop\CSIS3280GroupProject\3280_002_FJQ\Registration.php:0
[25-Jul-2020 06:32:21 UTC] PHP Warning:  require_once(inc/Utility/UserDAO.class.php): failed to open stream: No such file or directory in C:\Users\gilad\Desktop\CSIS3280GroupProject\3280_002_FJQ\Registration.php on line 5
[25-Jul-2020 06:32:22 UTC] PHP Stack trace:
[25-Jul-2020 06:32:22 UTC] PHP   1. {main}() C:\Users\gilad\Desktop\CSIS3280GroupProject\3280_002_FJQ\Registration.php:0
[25-Jul-2020 06:32:22 UTC] PHP Fatal error:  require_once(): Failed opening required 'inc/Utility/UserDAO.class.php' (include_path='.;C:\php\pear') in C:\Users\gilad\Desktop\CSIS3280GroupProject\3280_002_FJQ\Registration.php on line 5
[25-Jul-2020 06:32:22 UTC] PHP Stack trace:
[25-Jul-2020 06:32:22 UTC] PHP   1. {main}() C:\Users\gilad\Desktop\CSIS3280GroupProject\3280_002_FJQ\Registration.php:0
[25-Jul-2020 06:40:57 UTC] PHP Warning:  require_once(inc/Entity/RegistrationPage.class.php): failed to open stream: No such file or directory in C:\Users\gilad\Desktop\CSIS3280GroupProject\3280_002_FJQ\Registration.php on line 7
[25-Jul-2020 06:40:57 UTC] PHP Stack trace:
[25-Jul-2020 06:40:57 UTC] PHP   1. {main}() C:\Users\gilad\Desktop\CSIS3280GroupProject\3280_002_FJQ\Registration.php:0
[25-Jul-2020 06:40:57 UTC] PHP Fatal error:  require_once(): Failed opening required 'inc/Entity/RegistrationPage.class.php' (include_path='.;C:\php\pear') in C:\Users\gilad\Desktop\CSIS3280GroupProject\3280_002_FJQ\Registration.php on line 7
[25-Jul-2020 06:40:57 UTC] PHP Stack trace:
[25-Jul-2020 06:40:57 UTC] PHP   1. {main}() C:\Users\gilad\Desktop\CSIS3280GroupProject\3280_002_FJQ\Registration.php:0
[25-Jul-2020 06:41:36 UTC] PHP Warning:  require_once(inc/Entity/RegistrationPage.class.php): failed to open stream: No such file or directory in C:\Users\gilad\Desktop\CSIS3280GroupProject\3280_002_FJQ\Registration.php on line 7
[25-Jul-2020 06:41:36 UTC] PHP Stack trace:
[25-Jul-2020 06:41:36 UTC] PHP   1. {main}() C:\Users\gilad\Desktop\CSIS3280GroupProject\3280_002_FJQ\Registration.php:0
[25-Jul-2020 06:41:36 UTC] PHP Fatal error:  require_once(): Failed opening required 'inc/Entity/RegistrationPage.class.php' (include_path='.;C:\php\pear') in C:\Users\gilad\Desktop\CSIS3280GroupProject\3280_002_FJQ\Registration.php on line 7
[25-Jul-2020 06:41:36 UTC] PHP Stack trace:
[25-Jul-2020 06:41:36 UTC] PHP   1. {main}() C:\Users\gilad\Desktop\CSIS3280GroupProject\3280_002_FJQ\Registration.php:0
[25-Jul-2020 06:42:40 UTC] PHP Warning:  require_once(inc/Entity/RegistrationPage.class.php): failed to open stream: No such file or directory in C:\Users\gilad\Desktop\CSIS3280GroupProject\3280_002_FJQ\Registration.php on line 7
[25-Jul-2020 06:42:40 UTC] PHP Stack trace:
[25-Jul-2020 06:42:40 UTC] PHP   1. {main}() C:\Users\gilad\Desktop\CSIS3280GroupProject\3280_002_FJQ\Registration.php:0
[25-Jul-2020 06:42:40 UTC] PHP Fatal error:  require_once(): Failed opening required 'inc/Entity/RegistrationPage.class.php' (include_path='.;C:\php\pear') in C:\Users\gilad\Desktop\CSIS3280GroupProject\3280_002_FJQ\Registration.php on line 7
[25-Jul-2020 06:42:40 UTC] PHP Stack trace:
[25-Jul-2020 06:42:40 UTC] PHP   1. {main}() C:\Users\gilad\Desktop\CSIS3280GroupProject\3280_002_FJQ\Registration.php:0
[25-Jul-2020 06:42:42 UTC] PHP Warning:  require_once(inc/Entity/RegistrationPage.class.php): failed to open stream: No such file or directory in C:\Users\gilad\Desktop\CSIS3280GroupProject\3280_002_FJQ\Registration.php on line 7
[25-Jul-2020 06:42:42 UTC] PHP Stack trace:
[25-Jul-2020 06:42:42 UTC] PHP   1. {main}() C:\Users\gilad\Desktop\CSIS3280GroupProject\3280_002_FJQ\Registration.php:0
[25-Jul-2020 06:42:42 UTC] PHP Fatal error:  require_once(): Failed opening required 'inc/Entity/RegistrationPage.class.php' (include_path='.;C:\php\pear') in C:\Users\gilad\Desktop\CSIS3280GroupProject\3280_002_FJQ\Registration.php on line 7
[25-Jul-2020 06:42:42 UTC] PHP Stack trace:
[25-Jul-2020 06:42:42 UTC] PHP   1. {main}() C:\Users\gilad\Desktop\CSIS3280GroupProject\3280_002_FJQ\Registration.php:0
[25-Jul-2020 06:45:52 UTC] PHP Warning:  require_once(inc/Entity/RegistrationPage.class.php): failed to open stream: No such file or directory in C:\Users\gilad\Desktop\CSIS3280GroupProject\3280_002_FJQ\CourseRegistration.php on line 7
[25-Jul-2020 06:45:52 UTC] PHP Stack trace:
[25-Jul-2020 06:45:52 UTC] PHP   1. {main}() C:\Users\gilad\Desktop\CSIS3280GroupProject\3280_002_FJQ\CourseRegistration.php:0
[25-Jul-2020 06:45:52 UTC] PHP Fatal error:  require_once(): Failed opening required 'inc/Entity/RegistrationPage.class.php' (include_path='.;C:\php\pear') in C:\Users\gilad\Desktop\CSIS3280GroupProject\3280_002_FJQ\CourseRegistration.php on line 7
[25-Jul-2020 06:45:52 UTC] PHP Stack trace:
[25-Jul-2020 06:45:52 UTC] PHP   1. {main}() C:\Users\gilad\Desktop\CSIS3280GroupProject\3280_002_FJQ\CourseRegistration.php:0
[26-Jul-2020 02:55:37 UTC] PHP Fatal error:  Uncaught ArgumentCountError: Too few arguments to function RegistrationPage::printTable(), 0 passed in C:\Users\gilad\Desktop\CSIS3280GroupProject\3280_002_FJQ\CourseRegistration.php on line 11 and exactly 1 expected in C:\Users\gilad\Desktop\CSIS3280GroupProject\3280_002_FJQ\inc\Entity\RegistrationPage.class.php:17
Stack trace:
#0 C:\Users\gilad\Desktop\CSIS3280GroupProject\3280_002_FJQ\CourseRegistration.php(11): RegistrationPage::printTable()
#1 {main}
  thrown in C:\Users\gilad\Desktop\CSIS3280GroupProject\3280_002_FJQ\inc\Entity\RegistrationPage.class.php on line 17
[26-Jul-2020 02:55:38 UTC] PHP Fatal error:  Uncaught ArgumentCountError: Too few arguments to function RegistrationPage::printTable(), 0 passed in C:\Users\gilad\Desktop\CSIS3280GroupProject\3280_002_FJQ\CourseRegistration.php on line 11 and exactly 1 expected in C:\Users\gilad\Desktop\CSIS3280GroupProject\3280_002_FJQ\inc\Entity\RegistrationPage.class.php:17
Stack trace:
#0 C:\Users\gilad\Desktop\CSIS3280GroupProject\3280_002_FJQ\CourseRegistration.php(11): RegistrationPage::printTable()
#1 {main}
  thrown in C:\Users\gilad\Desktop\CSIS3280GroupProject\3280_002_FJQ\inc\Entity\RegistrationPage.class.php on line 17
[26-Jul-2020 02:55:39 UTC] PHP Fatal error:  Uncaught ArgumentCountError: Too few arguments to function RegistrationPage::printTable(), 0 passed in C:\Users\gilad\Desktop\CSIS3280GroupProject\3280_002_FJQ\CourseRegistration.php on line 11 and exactly 1 expected in C:\Users\gilad\Desktop\CSIS3280GroupProject\3280_002_FJQ\inc\Entity\RegistrationPage.class.php:17
Stack trace:
#0 C:\Users\gilad\Desktop\CSIS3280GroupProject\3280_002_FJQ\CourseRegistration.php(11): RegistrationPage::printTable()
#1 {main}
  thrown in C:\Users\gilad\Desktop\CSIS3280GroupProject\3280_002_FJQ\inc\Entity\RegistrationPage.class.php on line 17
[26-Jul-2020 02:55:40 UTC] PHP Fatal error:  Uncaught ArgumentCountError: Too few arguments to function RegistrationPage::printTable(), 0 passed in C:\Users\gilad\Desktop\CSIS3280GroupProject\3280_002_FJQ\CourseRegistration.php on line 11 and exactly 1 expected in C:\Users\gilad\Desktop\CSIS3280GroupProject\3280_002_FJQ\inc\Entity\RegistrationPage.class.php:17
Stack trace:
#0 C:\Users\gilad\Desktop\CSIS3280GroupProject\3280_002_FJQ\CourseRegistration.php(11): RegistrationPage::printTable()
#1 {main}
  thrown in C:\Users\gilad\Desktop\CSIS3280GroupProject\3280_002_FJQ\inc\Entity\RegistrationPage.class.php on line 17
[26-Jul-2020 02:55:41 UTC] PHP Fatal error:  Uncaught ArgumentCountError: Too few arguments to function RegistrationPage::printTable(), 0 passed in C:\Users\gilad\Desktop\CSIS3280GroupProject\3280_002_FJQ\CourseRegistration.php on line 11 and exactly 1 expected in C:\Users\gilad\Desktop\CSIS3280GroupProject\3280_002_FJQ\inc\Entity\RegistrationPage.class.php:17
Stack trace:
#0 C:\Users\gilad\Desktop\CSIS3280GroupProject\3280_002_FJQ\CourseRegistration.php(11): RegistrationPage::printTable()
#1 {main}
  thrown in C:\Users\gilad\Desktop\CSIS3280GroupProject\3280_002_FJQ\inc\Entity\RegistrationPage.class.php on line 17
[26-Jul-2020 02:55:42 UTC] PHP Fatal error:  Uncaught ArgumentCountError: Too few arguments to function RegistrationPage::printTable(), 0 passed in C:\Users\gilad\Desktop\CSIS3280GroupProject\3280_002_FJQ\CourseRegistration.php on line 11 and exactly 1 expected in C:\Users\gilad\Desktop\CSIS3280GroupProject\3280_002_FJQ\inc\Entity\RegistrationPage.class.php:17
Stack trace:
#0 C:\Users\gilad\Desktop\CSIS3280GroupProject\3280_002_FJQ\CourseRegistration.php(11): RegistrationPage::printTable()
#1 {main}
  thrown in C:\Users\gilad\Desktop\CSIS3280GroupProject\3280_002_FJQ\inc\Entity\RegistrationPage.class.php on line 17
[26-Jul-2020 02:55:43 UTC] PHP Fatal error:  Uncaught ArgumentCountError: Too few arguments to function RegistrationPage::printTable(), 0 passed in C:\Users\gilad\Desktop\CSIS3280GroupProject\3280_002_FJQ\CourseRegistration.php on line 11 and exactly 1 expected in C:\Users\gilad\Desktop\CSIS3280GroupProject\3280_002_FJQ\inc\Entity\RegistrationPage.class.php:17
Stack trace:
#0 C:\Users\gilad\Desktop\CSIS3280GroupProject\3280_002_FJQ\CourseRegistration.php(11): RegistrationPage::printTable()
#1 {main}
  thrown in C:\Users\gilad\Desktop\CSIS3280GroupProject\3280_002_FJQ\inc\Entity\RegistrationPage.class.php on line 17
[26-Jul-2020 02:55:44 UTC] PHP Fatal error:  Uncaught ArgumentCountError: Too few arguments to function RegistrationPage::printTable(), 0 passed in C:\Users\gilad\Desktop\CSIS3280GroupProject\3280_002_FJQ\CourseRegistration.php on line 11 and exactly 1 expected in C:\Users\gilad\Desktop\CSIS3280GroupProject\3280_002_FJQ\inc\Entity\RegistrationPage.class.php:17
Stack trace:
#0 C:\Users\gilad\Desktop\CSIS3280GroupProject\3280_002_FJQ\CourseRegistration.php(11): RegistrationPage::printTable()
#1 {main}
  thrown in C:\Users\gilad\Desktop\CSIS3280GroupProject\3280_002_FJQ\inc\Entity\RegistrationPage.class.php on line 17
[26-Jul-2020 02:55:45 UTC] PHP Fatal error:  Uncaught ArgumentCountError: Too few arguments to function RegistrationPage::printTable(), 0 passed in C:\Users\gilad\Desktop\CSIS3280GroupProject\3280_002_FJQ\CourseRegistration.php on line 11 and exactly 1 expected in C:\Users\gilad\Desktop\CSIS3280GroupProject\3280_002_FJQ\inc\Entity\RegistrationPage.class.php:17
Stack trace:
#0 C:\Users\gilad\Desktop\CSIS3280GroupProject\3280_002_FJQ\CourseRegistration.php(11): RegistrationPage::printTable()
#1 {main}
  thrown in C:\Users\gilad\Desktop\CSIS3280GroupProject\3280_002_FJQ\inc\Entity\RegistrationPage.class.php on line 17
[26-Jul-2020 06:44:03 UTC] PHP Warning:  require_once(inc/html_form.inc.php): failed to open stream: No such file or directory in C:\Project\Team1\Team1.php on line 4
[26-Jul-2020 06:44:03 UTC] PHP Stack trace:
[26-Jul-2020 06:44:03 UTC] PHP   1. {main}() C:\Project\Team1\Team1.php:0
[26-Jul-2020 06:44:03 UTC] PHP Fatal error:  require_once(): Failed opening required 'inc/html_form.inc.php' (include_path='.;C:\php\pear') in C:\Project\Team1\Team1.php on line 4
[26-Jul-2020 06:44:03 UTC] PHP Stack trace:
[26-Jul-2020 06:44:03 UTC] PHP   1. {main}() C:\Project\Team1\Team1.php:0
[26-Jul-2020 06:45:00 UTC] PHP Warning:  require_once(inc/Entity/Login.class.php): failed to open stream: No such file or directory in C:\Project\Team1\Team1.php on line 10
[26-Jul-2020 06:45:00 UTC] PHP Stack trace:
[26-Jul-2020 06:45:00 UTC] PHP   1. {main}() C:\Project\Team1\Team1.php:0
[26-Jul-2020 06:45:00 UTC] PHP Fatal error:  require_once(): Failed opening required 'inc/Entity/Login.class.php' (include_path='.;C:\php\pear') in C:\Project\Team1\Team1.php on line 10
[26-Jul-2020 06:45:00 UTC] PHP Stack trace:
[26-Jul-2020 06:45:00 UTC] PHP   1. {main}() C:\Project\Team1\Team1.php:0
[26-Jul-2020 06:45:43 UTC] PHP Warning:  require_once(inc/Utility/LoginDAO.class.php): failed to open stream: No such file or directory in C:\Project\Team1\Team1.php on line 14
[26-Jul-2020 06:45:43 UTC] PHP Stack trace:
[26-Jul-2020 06:45:43 UTC] PHP   1. {main}() C:\Project\Team1\Team1.php:0
[26-Jul-2020 06:45:43 UTC] PHP Fatal error:  require_once(): Failed opening required 'inc/Utility/LoginDAO.class.php' (include_path='.;C:\php\pear') in C:\Project\Team1\Team1.php on line 14
[26-Jul-2020 06:45:43 UTC] PHP Stack trace:
[26-Jul-2020 06:45:43 UTC] PHP   1. {main}() C:\Project\Team1\Team1.php:0
[26-Jul-2020 08:15:24 UTC] PHP Warning:  require_once(inc/dbconfig.inc.php): failed to open stream: No such file or directory in C:\Project\Team1\Team1.php on line 18
[26-Jul-2020 08:15:24 UTC] PHP Stack trace:
[26-Jul-2020 08:15:24 UTC] PHP   1. {main}() C:\Project\Team1\Team1.php:0
[26-Jul-2020 08:15:24 UTC] PHP Fatal error:  require_once(): Failed opening required 'inc/dbconfig.inc.php' (include_path='.;C:\php\pear') in C:\Project\Team1\Team1.php on line 18
[26-Jul-2020 08:15:24 UTC] PHP Stack trace:
[26-Jul-2020 08:15:24 UTC] PHP   1. {main}() C:\Project\Team1\Team1.php:0
[26-Jul-2020 08:16:10 UTC] PHP Warning:  require_once(inc/dbconfig.inc.php): failed to open stream: No such file or directory in C:\Project\Team1\Team1.php on line 18
[26-Jul-2020 08:16:10 UTC] PHP Stack trace:
[26-Jul-2020 08:16:10 UTC] PHP   1. {main}() C:\Project\Team1\Team1.php:0
[26-Jul-2020 08:16:12 UTC] PHP Fatal error:  require_once(): Failed opening required 'inc/dbconfig.inc.php' (include_path='.;C:\php\pear') in C:\Project\Team1\Team1.php on line 18
[26-Jul-2020 08:16:12 UTC] PHP Stack trace:
[26-Jul-2020 08:16:12 UTC] PHP   1. {main}() C:\Project\Team1\Team1.php:0
[26-Jul-2020 08:38:26 UTC] PHP Fatal error:  Uncaught Error: Class 'Route' not found in C:\Project\Team1\inc\entity\InstallDBPage.class.php:26
Stack trace:
#0 C:\Project\Team1\inc\entity\RouteTestPage.class.php(43): InstallDBPage::body()
#1 C:\Project\Team1\inc\entity\RouteTestPage.class.php(20): SuperPage::onPage()
#2 C:\Project\Team1\Team1.php(21): SuperPage::renderContents()
#3 {main}
  thrown in C:\Project\Team1\inc\entity\InstallDBPage.class.php on line 26
[26-Jul-2020 08:53:34 UTC] PHP Notice:  Undefined index: db_user in C:\Project\Team1\inc\entity\InstallDBPage.class.php on line 16
[26-Jul-2020 08:53:34 UTC] PHP Stack trace:
[26-Jul-2020 08:53:34 UTC] PHP   1. {main}() C:\Project\Team1\Team1.php:0
[26-Jul-2020 08:53:34 UTC] PHP   2. InstallDBPage::installDB() C:\Project\Team1\Team1.php:32
[26-Jul-2020 08:53:34 UTC] PHP Notice:  Undefined index: db_pass in C:\Project\Team1\inc\entity\InstallDBPage.class.php on line 17
[26-Jul-2020 08:53:34 UTC] PHP Stack trace:
[26-Jul-2020 08:53:34 UTC] PHP   1. {main}() C:\Project\Team1\Team1.php:0
[26-Jul-2020 08:53:34 UTC] PHP   2. InstallDBPage::installDB() C:\Project\Team1\Team1.php:32
[26-Jul-2020 08:53:34 UTC] PHP Notice:  Undefined index: db_host in C:\Project\Team1\inc\entity\InstallDBPage.class.php on line 18
[26-Jul-2020 08:53:34 UTC] PHP Stack trace:
[26-Jul-2020 08:53:34 UTC] PHP   1. {main}() C:\Project\Team1\Team1.php:0
[26-Jul-2020 08:53:34 UTC] PHP   2. InstallDBPage::installDB() C:\Project\Team1\Team1.php:32
[26-Jul-2020 08:53:34 UTC] PHP Notice:  Undefined index: db_name in C:\Project\Team1\inc\entity\InstallDBPage.class.php on line 19
[26-Jul-2020 08:53:34 UTC] PHP Stack trace:
[26-Jul-2020 08:53:34 UTC] PHP   1. {main}() C:\Project\Team1\Team1.php:0
[26-Jul-2020 08:53:34 UTC] PHP   2. InstallDBPage::installDB() C:\Project\Team1\Team1.php:32
[26-Jul-2020 08:53:35 UTC] 
[26-Jul-2020 09:01:51 UTC] 
[26-Jul-2020 09:06:47 UTC] PHP Warning:  error_log() expects parameter 1 to be string, array given in C:\Project\Team1\inc\entity\InstallDBPage.class.php on line 22
[26-Jul-2020 09:06:47 UTC] PHP Stack trace:
[26-Jul-2020 09:06:47 UTC] PHP   1. {main}() C:\Project\Team1\Team1.php:0
[26-Jul-2020 09:06:47 UTC] PHP   2. InstallDBPage::installDB() C:\Project\Team1\Team1.php:32
[26-Jul-2020 09:06:47 UTC] PHP   3. error_log() C:\Project\Team1\inc\entity\InstallDBPage.class.php:22
[26-Jul-2020 09:33:45 UTC] 1|
[26-Jul-2020 09:40:02 UTC] 'mysql' nao ‚ reconhecido como um comando interno
[26-Jul-2020 09:40:02 UTC] ou externo, um programa oper vel ou um arquivo em lotes.
[26-Jul-2020 09:43:30 UTC] 'mysql' nao ‚ reconhecido como um comando interno
[26-Jul-2020 09:43:30 UTC] ou externo, um programa oper vel ou um arquivo em lotes.
[26-Jul-2020 09:48:31 UTC]  O volume na unidade C ‚ Windows
[26-Jul-2020 09:48:31 UTC]  O N£mero de S‚rie do Volume ‚ E8C5-B956
[26-Jul-2020 09:48:31 UTC] 
[26-Jul-2020 09:48:31 UTC]  Pasta de C:\Project\Team1
[26-Jul-2020 09:48:31 UTC] 
[26-Jul-2020 09:48:31 UTC] Arquivo nao encontrado
[26-Jul-2020 10:03:37 UTC] 'mysql' nao ‚ reconhecido como um comando interno
[26-Jul-2020 10:03:37 UTC] ou externo, um programa oper vel ou um arquivo em lotes.
[26-Jul-2020 10:05:03 UTC] mysql: [Warning] Using a password on the command line interface can be insecure.
[26-Jul-2020 10:05:03 UTC] ERROR 2005 (HY000): Unknown MySQL server host 'asdc' (2)
[26-Jul-2020 10:12:20 UTC] mysql: [Warning] Using a password on the command line interface can be insecure.
[26-Jul-2020 10:12:20 UTC] ERROR 2005 (HY000): Unknown MySQL server host 'asdc' (2)
[26-Jul-2020 10:12:20 UTC] PHP Fatal error:  Uncaught Error: Call to undefined function is_empty() in C:\Project\Team1\inc\entity\RouteTestPage.class.php:87
Stack trace:
#0 C:\Project\Team1\inc\entity\InstallDBPage.class.php(31): SuperPage::onErrorMessage()
#1 C:\Project\Team1\Team1.php(32): InstallDBPage::installDB()
#2 {main}
  thrown in C:\Project\Team1\inc\entity\RouteTestPage.class.php on line 87
[26-Jul-2020 10:13:39 UTC] mysql: [Warning] Using a password on the command line interface can be insecure.
[26-Jul-2020 10:13:39 UTC] ERROR 2005 (HY000): Unknown MySQL server host 'asdc' (2)
[26-Jul-2020 10:15:05 UTC] mysql: [Warning] Using a password on the command line interface can be insecure.
[26-Jul-2020 10:15:05 UTC] StudentID	FName	LName	PhoneNumber	Email
[26-Jul-2020 10:15:05 UTC] 1	Orlando	Bloom	(778)-(888)-(2233)	John.Bloom@college.ca
[26-Jul-2020 10:15:05 UTC] 2	Sarah	Connor	(604)-(777)-(2244)	Sarah.Connor@college.ca
[26-Jul-2020 10:15:05 UTC] 3	Bruce	Wayne	(604)-(666)-(2255)	Bruce.Wayne@college.ca
[26-Jul-2020 10:15:05 UTC] 4	Larah	Croft	(778)-(555)-(2266)	Larah.Croft@college.ca
[26-Jul-2020 10:15:05 UTC] CRN	Credits	Subject	Title	InstructorID	PreReq	Duration	Enrl	Rem	Wait
[26-Jul-2020 10:15:05 UTC] 1110	3	CSIS	Introduction to programming	1	\0	45	2	23	0
[26-Jul-2020 10:15:05 UTC] 1280	3	CSIS	WebScripting 101	2		45	2	23	0
[26-Jul-2020 10:15:05 UTC] 2200	3	CSIS	Database Systems and Design	3	\0	45	0	25	0
[26-Jul-2020 10:15:05 UTC] 3300	3	CSIS	Advanced Database Systems	4		45	0	25	0
[26-Jul-2020 10:15:05 UTC] InstructorID	InstructorName	Phone	Email
[26-Jul-2020 10:15:05 UTC] 1	Bruce Willis	(778)-(600)-(1120)	Bruce.Willis@instructor.ca
[26-Jul-2020 10:15:05 UTC] 2	Leon Kepling	(778)-(600)-(1121)	Leon Kepling@instructor.ca
[26-Jul-2020 10:15:05 UTC] 3	James Bond	(778)-(600)-(1122)	James.Bond@instructor.ca
[26-Jul-2020 10:15:05 UTC] 4	Jennifer Kent	(778)-(600)-(1123)	Jennifer.Kent@instructor.ca
[26-Jul-2020 10:15:05 UTC] StudentID	AmountOwing	TuitionPaid
[26-Jul-2020 10:15:05 UTC] 1	300	\0
[26-Jul-2020 10:15:05 UTC] 2	200	\0
[26-Jul-2020 10:15:05 UTC] 3	100	\0
[26-Jul-2020 10:15:05 UTC] 4	0	
[26-Jul-2020 10:15:05 UTC] CRN	StudentID	RegistrationDate
[26-Jul-2020 10:15:05 UTC] 1110	1	2020-09-02
[26-Jul-2020 10:15:05 UTC] 1280	2	2020-09-02
[26-Jul-2020 10:15:05 UTC] 2200	3	2020-09-02
[26-Jul-2020 10:15:05 UTC] 3300	4	2020-09-02
[26-Jul-2020 10:15:05 UTC] StudentID	Password
[26-Jul-2020 10:15:05 UTC] 1	Password1
[26-Jul-2020 10:15:05 UTC] 2	Password2
[26-Jul-2020 10:15:05 UTC] 3	Password3
[26-Jul-2020 10:15:05 UTC] 4	Password4
[26-Jul-2020 10:19:19 UTC] mysql: [Warning] Using a password on the command line interface can be insecure.
[26-Jul-2020 10:19:19 UTC] ERROR 1045 (28000): Access denied for user 'sa'@'localhost' (using password: NO)
[26-Jul-2020 10:42:24 UTC] PHP Warning:  Use of undefined constant DB_HOST - assumed 'DB_HOST' (this will throw an Error in a future version of PHP) in C:\Project\Team1\inc\Login\LoginDAO.class.php on line 13
[26-Jul-2020 10:42:24 UTC] PHP Stack trace:
[26-Jul-2020 10:42:24 UTC] PHP   1. {main}() C:\Project\Team1\Team1.php:0
[26-Jul-2020 10:42:24 UTC] PHP   2. Route::set() C:\Project\Team1\Team1.php:46
[26-Jul-2020 10:42:24 UTC] PHP   3. Closure->__invoke() C:\Project\Team1\inc\utility\Route.class.php:19
[26-Jul-2020 10:42:24 UTC] PHP   4. {closure:C:\Project\Team1\Team1.php:44-46}() C:\Project\Team1\inc\utility\Route.class.php:19
[26-Jul-2020 10:42:24 UTC] PHP   5. require() C:\Project\Team1\Team1.php:45
[26-Jul-2020 10:42:24 UTC] PHP   6. LoginDAO::initialize() C:\Project\Team1\login.php:17
[26-Jul-2020 10:42:24 UTC] PHP Warning:  Use of undefined constant DB_PORT - assumed 'DB_PORT' (this will throw an Error in a future version of PHP) in C:\Project\Team1\inc\Login\LoginDAO.class.php on line 13
[26-Jul-2020 10:42:24 UTC] PHP Stack trace:
[26-Jul-2020 10:42:24 UTC] PHP   1. {main}() C:\Project\Team1\Team1.php:0
[26-Jul-2020 10:42:24 UTC] PHP   2. Route::set() C:\Project\Team1\Team1.php:46
[26-Jul-2020 10:42:24 UTC] PHP   3. Closure->__invoke() C:\Project\Team1\inc\utility\Route.class.php:19
[26-Jul-2020 10:42:24 UTC] PHP   4. {closure:C:\Project\Team1\Team1.php:44-46}() C:\Project\Team1\inc\utility\Route.class.php:19
[26-Jul-2020 10:42:24 UTC] PHP   5. require() C:\Project\Team1\Team1.php:45
[26-Jul-2020 10:42:24 UTC] PHP   6. LoginDAO::initialize() C:\Project\Team1\login.php:17
[26-Jul-2020 10:42:24 UTC] PHP Warning:  Use of undefined constant DB_USER - assumed 'DB_USER' (this will throw an Error in a future version of PHP) in C:\Project\Team1\inc\Login\LoginDAO.class.php on line 13
[26-Jul-2020 10:42:24 UTC] PHP Stack trace:
[26-Jul-2020 10:42:24 UTC] PHP   1. {main}() C:\Project\Team1\Team1.php:0
[26-Jul-2020 10:42:24 UTC] PHP   2. Route::set() C:\Project\Team1\Team1.php:46
[26-Jul-2020 10:42:24 UTC] PHP   3. Closure->__invoke() C:\Project\Team1\inc\utility\Route.class.php:19
[26-Jul-2020 10:42:24 UTC] PHP   4. {closure:C:\Project\Team1\Team1.php:44-46}() C:\Project\Team1\inc\utility\Route.class.php:19
[26-Jul-2020 10:42:24 UTC] PHP   5. require() C:\Project\Team1\Team1.php:45
[26-Jul-2020 10:42:24 UTC] PHP   6. LoginDAO::initialize() C:\Project\Team1\login.php:17
[26-Jul-2020 10:42:24 UTC] PHP Warning:  Use of undefined constant DB_PASS - assumed 'DB_PASS' (this will throw an Error in a future version of PHP) in C:\Project\Team1\inc\Login\LoginDAO.class.php on line 13
[26-Jul-2020 10:42:24 UTC] PHP Stack trace:
[26-Jul-2020 10:42:24 UTC] PHP   1. {main}() C:\Project\Team1\Team1.php:0
[26-Jul-2020 10:42:24 UTC] PHP   2. Route::set() C:\Project\Team1\Team1.php:46
[26-Jul-2020 10:42:24 UTC] PHP   3. Closure->__invoke() C:\Project\Team1\inc\utility\Route.class.php:19
[26-Jul-2020 10:42:24 UTC] PHP   4. {closure:C:\Project\Team1\Team1.php:44-46}() C:\Project\Team1\inc\utility\Route.class.php:19
[26-Jul-2020 10:42:24 UTC] PHP   5. require() C:\Project\Team1\Team1.php:45
[26-Jul-2020 10:42:25 UTC] PHP   6. LoginDAO::initialize() C:\Project\Team1\login.php:17
[26-Jul-2020 10:42:25 UTC] PHP Warning:  Use of undefined constant DB_NAME - assumed 'DB_NAME' (this will throw an Error in a future version of PHP) in C:\Project\Team1\inc\Login\LoginDAO.class.php on line 13
[26-Jul-2020 10:42:25 UTC] PHP Stack trace:
[26-Jul-2020 10:42:25 UTC] PHP   1. {main}() C:\Project\Team1\Team1.php:0
[26-Jul-2020 10:42:25 UTC] PHP   2. Route::set() C:\Project\Team1\Team1.php:46
[26-Jul-2020 10:42:25 UTC] PHP   3. Closure->__invoke() C:\Project\Team1\inc\utility\Route.class.php:19
[26-Jul-2020 10:42:25 UTC] PHP   4. {closure:C:\Project\Team1\Team1.php:44-46}() C:\Project\Team1\inc\utility\Route.class.php:19
[26-Jul-2020 10:42:25 UTC] PHP   5. require() C:\Project\Team1\Team1.php:45
[26-Jul-2020 10:42:25 UTC] PHP   6. LoginDAO::initialize() C:\Project\Team1\login.php:17
[26-Jul-2020 10:42:27 UTC] SQLSTATE[HY000] [2002] php_network_getaddresses: getaddrinfo failed: Este host não é conhecido. 
[26-Jul-2020 10:43:56 UTC] PHP Warning:  Use of undefined constant DB_HOST - assumed 'DB_HOST' (this will throw an Error in a future version of PHP) in C:\Project\Team1\inc\Login\LoginDAO.class.php on line 13
[26-Jul-2020 10:43:56 UTC] PHP Stack trace:
[26-Jul-2020 10:43:56 UTC] PHP   1. {main}() C:\Project\Team1\Team1.php:0
[26-Jul-2020 10:43:56 UTC] PHP   2. Route::set() C:\Project\Team1\Team1.php:46
[26-Jul-2020 10:43:56 UTC] PHP   3. Closure->__invoke() C:\Project\Team1\inc\utility\Route.class.php:19
[26-Jul-2020 10:43:56 UTC] PHP   4. {closure:C:\Project\Team1\Team1.php:44-46}() C:\Project\Team1\inc\utility\Route.class.php:19
[26-Jul-2020 10:43:56 UTC] PHP   5. require() C:\Project\Team1\Team1.php:45
[26-Jul-2020 10:43:56 UTC] PHP   6. LoginDAO::initialize() C:\Project\Team1\login.php:17
[26-Jul-2020 10:43:56 UTC] PHP Warning:  Use of undefined constant DB_PORT - assumed 'DB_PORT' (this will throw an Error in a future version of PHP) in C:\Project\Team1\inc\Login\LoginDAO.class.php on line 13
[26-Jul-2020 10:43:56 UTC] PHP Stack trace:
[26-Jul-2020 10:43:56 UTC] PHP   1. {main}() C:\Project\Team1\Team1.php:0
[26-Jul-2020 10:43:56 UTC] PHP   2. Route::set() C:\Project\Team1\Team1.php:46
[26-Jul-2020 10:43:56 UTC] PHP   3. Closure->__invoke() C:\Project\Team1\inc\utility\Route.class.php:19
[26-Jul-2020 10:43:56 UTC] PHP   4. {closure:C:\Project\Team1\Team1.php:44-46}() C:\Project\Team1\inc\utility\Route.class.php:19
[26-Jul-2020 10:43:56 UTC] PHP   5. require() C:\Project\Team1\Team1.php:45
[26-Jul-2020 10:43:56 UTC] PHP   6. LoginDAO::initialize() C:\Project\Team1\login.php:17
[26-Jul-2020 10:43:56 UTC] PHP Warning:  Use of undefined constant DB_USER - assumed 'DB_USER' (this will throw an Error in a future version of PHP) in C:\Project\Team1\inc\Login\LoginDAO.class.php on line 13
[26-Jul-2020 10:43:56 UTC] PHP Stack trace:
[26-Jul-2020 10:43:56 UTC] PHP   1. {main}() C:\Project\Team1\Team1.php:0
[26-Jul-2020 10:43:56 UTC] PHP   2. Route::set() C:\Project\Team1\Team1.php:46
[26-Jul-2020 10:43:56 UTC] PHP   3. Closure->__invoke() C:\Project\Team1\inc\utility\Route.class.php:19
[26-Jul-2020 10:43:56 UTC] PHP   4. {closure:C:\Project\Team1\Team1.php:44-46}() C:\Project\Team1\inc\utility\Route.class.php:19
[26-Jul-2020 10:43:56 UTC] PHP   5. require() C:\Project\Team1\Team1.php:45
[26-Jul-2020 10:43:56 UTC] PHP   6. LoginDAO::initialize() C:\Project\Team1\login.php:17
[26-Jul-2020 10:43:56 UTC] PHP Warning:  Use of undefined constant DB_PASS - assumed 'DB_PASS' (this will throw an Error in a future version of PHP) in C:\Project\Team1\inc\Login\LoginDAO.class.php on line 13
[26-Jul-2020 10:43:56 UTC] PHP Stack trace:
[26-Jul-2020 10:43:56 UTC] PHP   1. {main}() C:\Project\Team1\Team1.php:0
[26-Jul-2020 10:43:56 UTC] PHP   2. Route::set() C:\Project\Team1\Team1.php:46
[26-Jul-2020 10:43:56 UTC] PHP   3. Closure->__invoke() C:\Project\Team1\inc\utility\Route.class.php:19
[26-Jul-2020 10:43:56 UTC] PHP   4. {closure:C:\Project\Team1\Team1.php:44-46}() C:\Project\Team1\inc\utility\Route.class.php:19
[26-Jul-2020 10:43:56 UTC] PHP   5. require() C:\Project\Team1\Team1.php:45
[26-Jul-2020 10:43:56 UTC] PHP   6. LoginDAO::initialize() C:\Project\Team1\login.php:17
[26-Jul-2020 10:43:56 UTC] PHP Warning:  Use of undefined constant DB_NAME - assumed 'DB_NAME' (this will throw an Error in a future version of PHP) in C:\Project\Team1\inc\Login\LoginDAO.class.php on line 13
[26-Jul-2020 10:43:56 UTC] PHP Stack trace:
[26-Jul-2020 10:43:56 UTC] PHP   1. {main}() C:\Project\Team1\Team1.php:0
[26-Jul-2020 10:43:56 UTC] PHP   2. Route::set() C:\Project\Team1\Team1.php:46
[26-Jul-2020 10:43:56 UTC] PHP   3. Closure->__invoke() C:\Project\Team1\inc\utility\Route.class.php:19
[26-Jul-2020 10:43:56 UTC] PHP   4. {closure:C:\Project\Team1\Team1.php:44-46}() C:\Project\Team1\inc\utility\Route.class.php:19
[26-Jul-2020 10:43:56 UTC] PHP   5. require() C:\Project\Team1\Team1.php:45
[26-Jul-2020 10:43:56 UTC] PHP   6. LoginDAO::initialize() C:\Project\Team1\login.php:17
[26-Jul-2020 10:43:58 UTC] SQLSTATE[HY000] [2002] php_network_getaddresses: getaddrinfo failed: Este host não é conhecido. 
[26-Jul-2020 10:50:09 UTC] mysql: [Warning] Using a password on the command line interface can be insecure.
[26-Jul-2020 10:50:09 UTC] ERROR 1045 (28000): Access denied for user 'rootd'@'localhost' (using password: NO)
[26-Jul-2020 10:50:50 UTC] PHP Warning:  fopen(/inc/dbconfig.inc.php): failed to open stream: No such file or directory in C:\Project\Team1\inc\entity\InstallDBPage.class.php on line 48
[26-Jul-2020 10:50:50 UTC] PHP Stack trace:
[26-Jul-2020 10:50:50 UTC] PHP   1. {main}() C:\Project\Team1\Team1.php:0
[26-Jul-2020 10:50:50 UTC] PHP   2. InstallDBPage::installDB() C:\Project\Team1\Team1.php:32
[26-Jul-2020 10:50:50 UTC] PHP   3. InstallDBPage::writeFileDBConfig() C:\Project\Team1\inc\entity\InstallDBPage.class.php:29
[26-Jul-2020 10:50:50 UTC] PHP   4. fopen() C:\Project\Team1\inc\entity\InstallDBPage.class.php:48
[26-Jul-2020 10:50:50 UTC] PHP Warning:  flock() expects parameter 1 to be resource, bool given in C:\Project\Team1\inc\entity\InstallDBPage.class.php on line 50
[26-Jul-2020 10:50:50 UTC] PHP Stack trace:
[26-Jul-2020 10:50:50 UTC] PHP   1. {main}() C:\Project\Team1\Team1.php:0
[26-Jul-2020 10:50:50 UTC] PHP   2. InstallDBPage::installDB() C:\Project\Team1\Team1.php:32
[26-Jul-2020 10:50:50 UTC] PHP   3. InstallDBPage::writeFileDBConfig() C:\Project\Team1\inc\entity\InstallDBPage.class.php:29
[26-Jul-2020 10:50:50 UTC] PHP   4. flock() C:\Project\Team1\inc\entity\InstallDBPage.class.php:50
[26-Jul-2020 10:50:50 UTC] PHP Warning:  fwrite() expects parameter 1 to be resource, bool given in C:\Project\Team1\inc\entity\InstallDBPage.class.php on line 61
[26-Jul-2020 10:50:50 UTC] PHP Stack trace:
[26-Jul-2020 10:50:50 UTC] PHP   1. {main}() C:\Project\Team1\Team1.php:0
[26-Jul-2020 10:50:50 UTC] PHP   2. InstallDBPage::installDB() C:\Project\Team1\Team1.php:32
[26-Jul-2020 10:50:50 UTC] PHP   3. InstallDBPage::writeFileDBConfig() C:\Project\Team1\inc\entity\InstallDBPage.class.php:29
[26-Jul-2020 10:50:50 UTC] PHP   4. fwrite() C:\Project\Team1\inc\entity\InstallDBPage.class.php:61
[26-Jul-2020 10:50:50 UTC] PHP Warning:  flock() expects parameter 1 to be resource, bool given in C:\Project\Team1\inc\entity\InstallDBPage.class.php on line 62
[26-Jul-2020 10:50:50 UTC] PHP Stack trace:
[26-Jul-2020 10:50:50 UTC] PHP   1. {main}() C:\Project\Team1\Team1.php:0
[26-Jul-2020 10:50:50 UTC] PHP   2. InstallDBPage::installDB() C:\Project\Team1\Team1.php:32
[26-Jul-2020 10:50:50 UTC] PHP   3. InstallDBPage::writeFileDBConfig() C:\Project\Team1\inc\entity\InstallDBPage.class.php:29
[26-Jul-2020 10:50:50 UTC] PHP   4. flock() C:\Project\Team1\inc\entity\InstallDBPage.class.php:62
[26-Jul-2020 10:50:50 UTC] PHP Warning:  fclose() expects parameter 1 to be resource, bool given in C:\Project\Team1\inc\entity\InstallDBPage.class.php on line 70
[26-Jul-2020 10:50:50 UTC] PHP Stack trace:
[26-Jul-2020 10:50:50 UTC] PHP   1. {main}() C:\Project\Team1\Team1.php:0
[26-Jul-2020 10:50:50 UTC] PHP   2. InstallDBPage::installDB() C:\Project\Team1\Team1.php:32
[26-Jul-2020 10:50:50 UTC] PHP   3. InstallDBPage::writeFileDBConfig() C:\Project\Team1\inc\entity\InstallDBPage.class.php:29
[26-Jul-2020 10:50:50 UTC] PHP   4. fclose() C:\Project\Team1\inc\entity\InstallDBPage.class.php:70
[26-Jul-2020 10:56:40 UTC] mysql: [Warning] Using a password on the command line interface can be insecure.
[26-Jul-2020 10:56:40 UTC] ERROR 1045 (28000): Access denied for user 'asd'@'localhost' (using password: NO)
[26-Jul-2020 10:56:40 UTC] PHP Warning:  require_once(C:\Project\Team1\inc\dbconfig.inc.php): failed to open stream: No such file or directory in C:\Project\Team1\Team1.php on line 38
[26-Jul-2020 10:56:40 UTC] PHP Stack trace:
[26-Jul-2020 10:56:40 UTC] PHP   1. {main}() C:\Project\Team1\Team1.php:0
[26-Jul-2020 10:56:40 UTC] PHP Fatal error:  require_once(): Failed opening required 'C:\Project\Team1\inc\dbconfig.inc.php' (include_path='.;C:\php\pear') in C:\Project\Team1\Team1.php on line 38
[26-Jul-2020 10:56:40 UTC] PHP Stack trace:
[26-Jul-2020 10:56:41 UTC] PHP   1. {main}() C:\Project\Team1\Team1.php:0
[26-Jul-2020 11:00:58 UTC] mysql: [Warning] Using a password on the command line interface can be insecure.
[26-Jul-2020 11:00:58 UTC] ERROR 1045 (28000): Access denied for user 'asd'@'localhost' (using password: NO)
[26-Jul-2020 11:00:58 UTC] PHP Warning:  require_once(C:\Project\Team1\inc\dbconfig.inc.php): failed to open stream: No such file or directory in C:\Project\Team1\Team1.php on line 38
[26-Jul-2020 11:00:58 UTC] PHP Stack trace:
[26-Jul-2020 11:00:58 UTC] PHP   1. {main}() C:\Project\Team1\Team1.php:0
[26-Jul-2020 11:00:58 UTC] PHP Fatal error:  require_once(): Failed opening required 'inc/dbconfig.inc.php' (include_path='.;C:\php\pear') in C:\Project\Team1\Team1.php on line 38
[26-Jul-2020 11:00:58 UTC] PHP Stack trace:
[26-Jul-2020 11:00:58 UTC] PHP   1. {main}() C:\Project\Team1\Team1.php:0
[26-Jul-2020 11:02:11 UTC] mysql: [Warning] Using a password on the command line interface can be insecure.
[26-Jul-2020 11:02:11 UTC] ERROR 1045 (28000): Access denied for user 'asd'@'localhost' (using password: NO)
[26-Jul-2020 11:02:11 UTC] PHP Warning:  require_once(inc/dbconfig.inc.php): failed to open stream: No such file or directory in C:\Project\Team1\Team1.php on line 38
[26-Jul-2020 11:02:11 UTC] PHP Stack trace:
[26-Jul-2020 11:02:11 UTC] PHP   1. {main}() C:\Project\Team1\Team1.php:0
[26-Jul-2020 11:02:11 UTC] PHP Fatal error:  require_once(): Failed opening required 'inc/dbconfig.inc.php' (include_path='.;C:\php\pear') in C:\Project\Team1\Team1.php on line 38
[26-Jul-2020 11:02:11 UTC] PHP Stack trace:
[26-Jul-2020 11:02:11 UTC] PHP   1. {main}() C:\Project\Team1\Team1.php:0
[26-Jul-2020 11:05:40 UTC] mysql: [Warning] Using a password on the command line interface can be insecure.
[26-Jul-2020 11:05:40 UTC] ERROR 1045 (28000): Access denied for user 'asd'@'localhost' (using password: NO)
[26-Jul-2020 11:05:40 UTC] PHP Warning:  require_once(inc/dbconfig.inc.php): failed to open stream: No such file or directory in C:\Project\Team1\Team1.php on line 38
[26-Jul-2020 11:05:40 UTC] PHP Stack trace:
[26-Jul-2020 11:05:40 UTC] PHP   1. {main}() C:\Project\Team1\Team1.php:0
[26-Jul-2020 11:05:40 UTC] PHP Fatal error:  require_once(): Failed opening required 'inc/dbconfig.inc.php' (include_path='.;C:\php\pear') in C:\Project\Team1\Team1.php on line 38
[26-Jul-2020 11:05:40 UTC] PHP Stack trace:
[26-Jul-2020 11:05:40 UTC] PHP   1. {main}() C:\Project\Team1\Team1.php:0
[26-Jul-2020 11:06:33 UTC] mysql: [Warning] Using a password on the command line interface can be insecure.
[26-Jul-2020 11:06:33 UTC] ERROR 1045 (28000): Access denied for user 'asd'@'localhost' (using password: NO)
[26-Jul-2020 11:06:42 UTC] mysql: [Warning] Using a password on the command line interface can be insecure.
[26-Jul-2020 11:06:42 UTC] ERROR 1045 (28000): Access denied for user 'sa'@'localhost' (using password: NO)
[26-Jul-2020 11:08:13 UTC] mysql: [Warning] Using a password on the command line interface can be insecure.
[26-Jul-2020 11:08:13 UTC] mysql: [ERROR] Unknown suffix 'a' used for variable 'port' (value 'asd')
[26-Jul-2020 11:08:13 UTC] mysql: [ERROR] mysql: Error while setting value 'asd' to 'port'
[26-Jul-2020 23:28:44 UTC] mysql: [Warning] Using a password on the command line interface can be insecure.
[26-Jul-2020 23:28:44 UTC] mysql: [ERROR] Unknown suffix 's' used for variable 'port' (value 'sf')
[26-Jul-2020 23:28:44 UTC] mysql: [ERROR] mysql: Error while setting value 'sf' to 'port'
[26-Jul-2020 23:59:04 UTC] mysql: [Warning] Using a password on the command line interface can be insecure.
[26-Jul-2020 23:59:04 UTC] ERROR 1045 (28000): Access denied for user 'rootsadfs'@'localhost' (using password: NO)
[27-Jul-2020 00:59:11 UTC] PHP Warning:  require_once(inc/dbconfig.inc.php): failed to open stream: No such file or directory in C:\Project\Team1\Team1.php on line 33
[27-Jul-2020 00:59:11 UTC] PHP Stack trace:
[27-Jul-2020 00:59:11 UTC] PHP   1. {main}() C:\Project\Team1\Team1.php:0
[27-Jul-2020 00:59:11 UTC] PHP Fatal error:  require_once(): Failed opening required 'inc/dbconfig.inc.php' (include_path='.;C:\php\pear') in C:\Project\Team1\Team1.php on line 33
[27-Jul-2020 00:59:11 UTC] PHP Stack trace:
[27-Jul-2020 00:59:11 UTC] PHP   1. {main}() C:\Project\Team1\Team1.php:0
[27-Jul-2020 01:00:21 UTC] PHP Parse error:  syntax error, unexpected end of file in C:\Project\Team1\controller\installdb.php on line 24
[27-Jul-2020 01:03:49 UTC] mysql: [Warning] Using a password on the command line interface can be insecure.
[27-Jul-2020 01:03:49 UTC] ERROR 2003 (HY000): Can't connect to MySQL server on 'localhost' (10061)
[27-Jul-2020 01:23:05 UTC] mysql: [Warning] Using a password on the command line interface can be insecure.
[27-Jul-2020 01:23:05 UTC] ERROR 1045 (28000): Access denied for user 'asd'@'localhost' (using password: NO)
[27-Jul-2020 01:30:35 UTC] mysql: [Warning] Using a password on the command line interface can be insecure.
[27-Jul-2020 01:30:35 UTC] ERROR 1045 (28000): Access denied for user 'asd'@'localhost' (using password: NO)
[27-Jul-2020 01:35:54 UTC] mysql: [Warning] Using a password on the command line interface can be insecure.
[27-Jul-2020 01:35:54 UTC] ERROR 1045 (28000): Access denied for user 'asd'@'localhost' (using password: NO)
[27-Jul-2020 01:36:57 UTC] mysql: [Warning] Using a password on the command line interface can be insecure.
[27-Jul-2020 01:36:57 UTC] ERROR 1045 (28000): Access denied for user 'sdfsdf'@'localhost' (using password: NO)
[27-Jul-2020 01:38:52 UTC] mysql: [Warning] Using a password on the command line interface can be insecure.
[27-Jul-2020 01:38:52 UTC] ERROR 1045 (28000): Access denied for user 'sdfsdf'@'localhost' (using password: NO)
[27-Jul-2020 01:39:25 UTC] mysql: [Warning] Using a password on the command line interface can be insecure.
[27-Jul-2020 01:39:25 UTC] ERROR 1045 (28000): Access denied for user 'sdfsdf'@'localhost' (using password: NO)
[27-Jul-2020 01:41:14 UTC] mysql: [Warning] Using a password on the command line interface can be insecure.
[27-Jul-2020 01:41:14 UTC] ERROR 1045 (28000): Access denied for user 'asdasd'@'localhost' (using password: NO)
[27-Jul-2020 01:52:24 UTC] PHP Parse error:  syntax error, unexpected '}' in C:\Project\Team1\controller\installdb.php on line 52
[27-Jul-2020 01:52:44 UTC] PHP Fatal error:  Cannot use "self" when no class scope is active in C:\Project\Team1\controller\installdb.php on line 79
[27-Jul-2020 01:52:44 UTC] PHP Stack trace:
[27-Jul-2020 01:52:44 UTC] PHP   1. {main}() C:\Project\Team1\Team1.php:0
[27-Jul-2020 01:57:44 UTC] PHP Fatal error:  Uncaught Error: Call to undefined method InstallDBPage::writeFileDBConfig() in C:\Project\Team1\controller\installdb.php:21
Stack trace:
#0 C:\Project\Team1\Team1.php(31): require()
#1 {main}
  thrown in C:\Project\Team1\controller\installdb.php on line 21
[27-Jul-2020 01:59:37 UTC] PHP Fatal error:  Uncaught Error: Call to undefined method InstallDBPage::writeFileDBConfig() in C:\Project\Team1\controller\installdb.php:21
Stack trace:
#0 C:\Project\Team1\Team1.php(31): require()
#1 {main}
  thrown in C:\Project\Team1\controller\installdb.php on line 21
[27-Jul-2020 02:02:31 UTC] PHP Fatal error:  Uncaught Error: Call to undefined method InstallDBPage::writeFileDBConfig() in C:\Project\Team1\controller\installdb.php:23
Stack trace:
#0 C:\Project\Team1\Team1.php(31): require()
#1 {main}
  thrown in C:\Project\Team1\controller\installdb.php on line 23
[27-Jul-2020 02:19:22 UTC] PHP Warning:  require_once(C:\Project\Team1\inc\Login\Login.class.php): failed to open stream: No such file or directory in C:\Project\Team1\Team1.php on line 17
[27-Jul-2020 02:19:22 UTC] PHP Stack trace:
[27-Jul-2020 02:19:22 UTC] PHP   1. {main}() C:\Project\Team1\Team1.php:0
[27-Jul-2020 02:19:22 UTC] PHP Fatal error:  require_once(): Failed opening required 'C:\Project\Team1\inc\Login\Login.class.php' (include_path='.;C:\php\pear') in C:\Project\Team1\Team1.php on line 17
[27-Jul-2020 02:19:22 UTC] PHP Stack trace:
[27-Jul-2020 02:19:22 UTC] PHP   1. {main}() C:\Project\Team1\Team1.php:0
[27-Jul-2020 02:26:59 UTC] PHP Fatal error:  Cannot declare class SuperPage, because the name is already in use in C:\Project\Team1\inc\entity\RouteTestPage.class.php on line 2
[27-Jul-2020 02:26:59 UTC] PHP Stack trace:
[27-Jul-2020 02:26:59 UTC] PHP   1. {main}() C:\Project\Team1\Team1.php:0
[27-Jul-2020 02:27:31 UTC] PHP Warning:  require(login.php): failed to open stream: No such file or directory in C:\Project\Team1\Team1.php on line 44
[27-Jul-2020 02:27:31 UTC] PHP Stack trace:
[27-Jul-2020 02:27:31 UTC] PHP   1. {main}() C:\Project\Team1\Team1.php:0
[27-Jul-2020 02:27:31 UTC] PHP   2. Route::set() C:\Project\Team1\Team1.php:45
[27-Jul-2020 02:27:31 UTC] PHP   3. Closure->__invoke() C:\Project\Team1\inc\utility\Route.class.php:19
[27-Jul-2020 02:27:31 UTC] PHP   4. {closure:C:\Project\Team1\Team1.php:43-45}() C:\Project\Team1\inc\utility\Route.class.php:19
[27-Jul-2020 02:27:31 UTC] PHP Fatal error:  require(): Failed opening required 'login.php' (include_path='.;C:\php\pear') in C:\Project\Team1\Team1.php on line 44
[27-Jul-2020 02:27:31 UTC] PHP Stack trace:
[27-Jul-2020 02:27:31 UTC] PHP   1. {main}() C:\Project\Team1\Team1.php:0
[27-Jul-2020 02:27:31 UTC] PHP   2. Route::set() C:\Project\Team1\Team1.php:45
[27-Jul-2020 02:27:31 UTC] PHP   3. Closure->__invoke() C:\Project\Team1\inc\utility\Route.class.php:19
[27-Jul-2020 02:27:31 UTC] PHP   4. {closure:C:\Project\Team1\Team1.php:43-45}() C:\Project\Team1\inc\utility\Route.class.php:19
[27-Jul-2020 02:27:58 UTC] PHP Warning:  require_once(../inc/config.inc.php): failed to open stream: No such file or directory in C:\Project\Team1\controller\login.php on line 6
[27-Jul-2020 02:27:58 UTC] PHP Stack trace:
[27-Jul-2020 02:27:58 UTC] PHP   1. {main}() C:\Project\Team1\Team1.php:0
[27-Jul-2020 02:27:58 UTC] PHP   2. Route::set() C:\Project\Team1\Team1.php:45
[27-Jul-2020 02:27:58 UTC] PHP   3. Closure->__invoke() C:\Project\Team1\inc\utility\Route.class.php:19
[27-Jul-2020 02:27:58 UTC] PHP   4. {closure:C:\Project\Team1\Team1.php:43-45}() C:\Project\Team1\inc\utility\Route.class.php:19
[27-Jul-2020 02:27:58 UTC] PHP   5. require() C:\Project\Team1\Team1.php:44
[27-Jul-2020 02:27:58 UTC] PHP Fatal error:  require_once(): Failed opening required '../inc/config.inc.php' (include_path='.;C:\php\pear') in C:\Project\Team1\controller\login.php on line 6
[27-Jul-2020 02:27:58 UTC] PHP Stack trace:
[27-Jul-2020 02:27:58 UTC] PHP   1. {main}() C:\Project\Team1\Team1.php:0
[27-Jul-2020 02:27:58 UTC] PHP   2. Route::set() C:\Project\Team1\Team1.php:45
[27-Jul-2020 02:27:58 UTC] PHP   3. Closure->__invoke() C:\Project\Team1\inc\utility\Route.class.php:19
[27-Jul-2020 02:27:58 UTC] PHP   4. {closure:C:\Project\Team1\Team1.php:43-45}() C:\Project\Team1\inc\utility\Route.class.php:19
[27-Jul-2020 02:27:58 UTC] PHP   5. require() C:\Project\Team1\Team1.php:44
[27-Jul-2020 02:29:33 UTC] mysql: [Warning] Using a password on the command line interface can be insecure.
[27-Jul-2020 02:29:33 UTC] ERROR 1045 (28000): Access denied for user 'rooti'@'localhost' (using password: NO)
[27-Jul-2020 02:29:51 UTC] mysql: [Warning] Using a password on the command line interface can be insecure.
[27-Jul-2020 02:29:51 UTC] ERROR 1452 (23000) at line 89: Cannot add or update a child row: a foreign key constraint fails (`registrar`.`passwords`, CONSTRAINT `passwords_ibfk_1` FOREIGN KEY (`StudentID`) REFERENCES `students` (`StudentID`) ON DELETE NO ACTION ON UPDATE CASCADE)
